<?xml version="1.0" encoding="UTF-8"?>
<testng-results skipped="0" failed="0" total="3" passed="3">
  <reporter-output>
    <line>
      <![CDATA[click on New video button successful]]>
    </line>
    <line>
      <![CDATA[Saved successfully !!!!]]>
    </line>
    <line>
      <![CDATA[click on New video button successful]]>
    </line>
    <line>
      <![CDATA[Cancelled successfully !!!!]]>
    </line>
    <line>
      <![CDATA[click on New customer button successful]]>
    </line>
    <line>
      <![CDATA[Saved successfully !!!!]]>
    </line>
  </reporter-output>
  <suite name="Suite" duration-ms="11695" started-at="2018-11-23T09:22:12Z" finished-at="2018-11-23T09:22:23Z">
    <groups>
    </groups>
    <test name="Test" duration-ms="11695" started-at="2018-11-23T09:22:12Z" finished-at="2018-11-23T09:22:23Z">
      <class name="vrsm.TestCase">
        <test-method status="PASS" signature="beforeTest()[pri:0, instance:vrsm.TestCase@7a0ac6e3]" name="beforeTest" is-config="true" duration-ms="8196" started-at="2018-11-23T14:52:12Z" finished-at="2018-11-23T14:52:20Z">
          <reporter-output>
          </reporter-output>
        </test-method> <!-- beforeTest -->
        <test-method status="PASS" signature="testCase1()[pri:1, instance:vrsm.TestCase@7a0ac6e3]" name="testCase1" duration-ms="1198" started-at="2018-11-23T14:52:20Z" finished-at="2018-11-23T14:52:21Z">
          <reporter-output>
            <line>
              <![CDATA[click on New video button successful]]>
            </line>
            <line>
              <![CDATA[Saved successfully !!!!]]>
            </line>
          </reporter-output>
        </test-method> <!-- testCase1 -->
        <test-method status="PASS" signature="testCase2()[pri:2, instance:vrsm.TestCase@7a0ac6e3]" name="testCase2" duration-ms="801" started-at="2018-11-23T14:52:21Z" finished-at="2018-11-23T14:52:22Z">
          <reporter-output>
            <line>
              <![CDATA[click on New video button successful]]>
            </line>
            <line>
              <![CDATA[Cancelled successfully !!!!]]>
            </line>
          </reporter-output>
        </test-method> <!-- testCase2 -->
        <test-method status="PASS" signature="testCase3()[pri:3, instance:vrsm.TestCase@7a0ac6e3]" name="testCase3" duration-ms="697" started-at="2018-11-23T14:52:22Z" finished-at="2018-11-23T14:52:22Z">
          <reporter-output>
            <line>
              <![CDATA[click on New customer button successful]]>
            </line>
            <line>
              <![CDATA[Saved successfully !!!!]]>
            </line>
          </reporter-output>
        </test-method> <!-- testCase3 -->
        <test-method status="PASS" signature="afterTest()[pri:0, instance:vrsm.TestCase@7a0ac6e3]" name="afterTest" is-config="true" duration-ms="791" started-at="2018-11-23T14:52:22Z" finished-at="2018-11-23T14:52:23Z">
          <reporter-output>
          </reporter-output>
        </test-method> <!-- afterTest -->
      </class> <!-- vrsm.TestCase -->
    </test> <!-- Test -->
  </suite> <!-- Suite -->
</testng-results>
